<?xml version="1.0" encoding="UTF-8"?>
<testng-results skipped="0" failed="0" ignored="0" total="43" passed="43">
  <reporter-output>
  </reporter-output>
  <suite name="Default suite" duration-ms="162" started-at="2017-12-05T14:53:06Z" finished-at="2017-12-05T14:53:06Z">
    <groups>
    </groups>
    <test name="Default test" duration-ms="162" started-at="2017-12-05T14:53:06Z" finished-at="2017-12-05T14:53:06Z">
      <class name="InputDot.InputDot.Tests.Positive">
        <test-method status="PASS" signature="positiveTest(java.lang.String)[pri:1, instance:InputDot.InputDot.Tests.Positive@6a024a67]" name="positiveTest" duration-ms="2" started-at="2017-12-05T17:53:06Z" data-provider="positive" finished-at="2017-12-05T17:53:06Z">
          <params>
            <param index="0">
              <value>
                <![CDATA[2]]>
              </value>
            </param>
          </params>
          <reporter-output>
          </reporter-output>
        </test-method> <!-- positiveTest -->
        <test-method status="PASS" signature="positiveTest(java.lang.String)[pri:1, instance:InputDot.InputDot.Tests.Positive@6a024a67]" name="positiveTest" duration-ms="1" started-at="2017-12-05T17:53:06Z" data-provider="positive" finished-at="2017-12-05T17:53:06Z">
          <params>
            <param index="0">
              <value>
                <![CDATA[i]]>
              </value>
            </param>
          </params>
          <reporter-output>
          </reporter-output>
        </test-method> <!-- positiveTest -->
        <test-method status="PASS" signature="positiveTest(java.lang.String)[pri:1, instance:InputDot.InputDot.Tests.Positive@6a024a67]" name="positiveTest" duration-ms="1" started-at="2017-12-05T17:53:06Z" data-provider="positive" finished-at="2017-12-05T17:53:06Z">
          <params>
            <param index="0">
              <value>
                <![CDATA[ш]]>
              </value>
            </param>
          </params>
          <reporter-output>
          </reporter-output>
        </test-method> <!-- positiveTest -->
        <test-method status="PASS" signature="positiveTest(java.lang.String)[pri:1, instance:InputDot.InputDot.Tests.Positive@6a024a67]" name="positiveTest" duration-ms="0" started-at="2017-12-05T17:53:06Z" data-provider="positive" finished-at="2017-12-05T17:53:06Z">
          <params>
            <param index="0">
              <value>
                <![CDATA[#]]>
              </value>
            </param>
          </params>
          <reporter-output>
          </reporter-output>
        </test-method> <!-- positiveTest -->
        <test-method status="PASS" signature="positiveTest(java.lang.String)[pri:1, instance:InputDot.InputDot.Tests.Positive@6a024a67]" name="positiveTest" duration-ms="1" started-at="2017-12-05T17:53:06Z" data-provider="positive" finished-at="2017-12-05T17:53:06Z">
          <params>
            <param index="0">
              <value>
                <![CDATA[ ]]>
              </value>
            </param>
          </params>
          <reporter-output>
          </reporter-output>
        </test-method> <!-- positiveTest -->
        <test-method status="PASS" signature="endTest()[pri:2, instance:InputDot.InputDot.Tests.Positive@6a024a67]" name="endTest" duration-ms="2" started-at="2017-12-05T17:53:06Z" finished-at="2017-12-05T17:53:06Z">
          <reporter-output>
          </reporter-output>
        </test-method> <!-- endTest -->
      </class> <!-- InputDot.InputDot.Tests.Positive -->
      <class name="InputDot.InputDot.Tests.Negative">
        <test-method status="PASS" signature="negativeTest(java.lang.String, java.lang.String)[pri:0, instance:InputDot.InputDot.Tests.Negative@66d2e7d9]" name="negativeTest" duration-ms="9" started-at="2017-12-05T17:53:06Z" data-provider="negative" finished-at="2017-12-05T17:53:06Z">
          <params>
            <param index="0">
              <value>
                <![CDATA[.]]>
              </value>
            </param>
            <param index="1">
              <value>
                <![CDATA[.]]>
              </value>
            </param>
          </params>
          <reporter-output>
          </reporter-output>
        </test-method> <!-- negativeTest -->
        <test-method status="PASS" signature="negativeTest(java.lang.String, java.lang.String)[pri:0, instance:InputDot.InputDot.Tests.Negative@66d2e7d9]" name="negativeTest" duration-ms="1" started-at="2017-12-05T17:53:06Z" data-provider="negative" finished-at="2017-12-05T17:53:06Z">
          <params>
            <param index="0">
              <value>
                <![CDATA[.]]>
              </value>
            </param>
            <param index="1">
              <value>
                <![CDATA[щ]]>
              </value>
            </param>
          </params>
          <reporter-output>
          </reporter-output>
        </test-method> <!-- negativeTest -->
        <test-method status="PASS" signature="negativeTest(java.lang.String, java.lang.String)[pri:0, instance:InputDot.InputDot.Tests.Negative@66d2e7d9]" name="negativeTest" duration-ms="1" started-at="2017-12-05T17:53:06Z" data-provider="negative" finished-at="2017-12-05T17:53:06Z">
          <params>
            <param index="0">
              <value>
                <![CDATA[.]]>
              </value>
            </param>
            <param index="1">
              <value>
                <![CDATA[s]]>
              </value>
            </param>
          </params>
          <reporter-output>
          </reporter-output>
        </test-method> <!-- negativeTest -->
        <test-method status="PASS" signature="negativeTest(java.lang.String, java.lang.String)[pri:0, instance:InputDot.InputDot.Tests.Negative@66d2e7d9]" name="negativeTest" duration-ms="1" started-at="2017-12-05T17:53:06Z" data-provider="negative" finished-at="2017-12-05T17:53:06Z">
          <params>
            <param index="0">
              <value>
                <![CDATA[.]]>
              </value>
            </param>
            <param index="1">
              <value>
                <![CDATA[3]]>
              </value>
            </param>
          </params>
          <reporter-output>
          </reporter-output>
        </test-method> <!-- negativeTest -->
        <test-method status="PASS" signature="negativeTest(java.lang.String, java.lang.String)[pri:0, instance:InputDot.InputDot.Tests.Negative@66d2e7d9]" name="negativeTest" duration-ms="2" started-at="2017-12-05T17:53:06Z" data-provider="negative" finished-at="2017-12-05T17:53:06Z">
          <params>
            <param index="0">
              <value>
                <![CDATA[.]]>
              </value>
            </param>
            <param index="1">
              <value>
                <![CDATA[#]]>
              </value>
            </param>
          </params>
          <reporter-output>
          </reporter-output>
        </test-method> <!-- negativeTest -->
        <test-method status="PASS" signature="negativeTest(java.lang.String, java.lang.String)[pri:0, instance:InputDot.InputDot.Tests.Negative@66d2e7d9]" name="negativeTest" duration-ms="1" started-at="2017-12-05T17:53:06Z" data-provider="negative" finished-at="2017-12-05T17:53:06Z">
          <params>
            <param index="0">
              <value>
                <![CDATA[.]]>
              </value>
            </param>
            <param index="1">
              <value>
                <![CDATA[ ]]>
              </value>
            </param>
          </params>
          <reporter-output>
          </reporter-output>
        </test-method> <!-- negativeTest -->
        <test-method status="PASS" signature="negativeTest(java.lang.String, java.lang.String)[pri:0, instance:InputDot.InputDot.Tests.Negative@66d2e7d9]" name="negativeTest" duration-ms="1" started-at="2017-12-05T17:53:06Z" data-provider="negative" finished-at="2017-12-05T17:53:06Z">
          <params>
            <param index="0">
              <value>
                <![CDATA[щ]]>
              </value>
            </param>
            <param index="1">
              <value>
                <![CDATA[.]]>
              </value>
            </param>
          </params>
          <reporter-output>
          </reporter-output>
        </test-method> <!-- negativeTest -->
        <test-method status="PASS" signature="negativeTest(java.lang.String, java.lang.String)[pri:0, instance:InputDot.InputDot.Tests.Negative@66d2e7d9]" name="negativeTest" duration-ms="4" started-at="2017-12-05T17:53:06Z" data-provider="negative" finished-at="2017-12-05T17:53:06Z">
          <params>
            <param index="0">
              <value>
                <![CDATA[щ]]>
              </value>
            </param>
            <param index="1">
              <value>
                <![CDATA[щ]]>
              </value>
            </param>
          </params>
          <reporter-output>
          </reporter-output>
        </test-method> <!-- negativeTest -->
        <test-method status="PASS" signature="negativeTest(java.lang.String, java.lang.String)[pri:0, instance:InputDot.InputDot.Tests.Negative@66d2e7d9]" name="negativeTest" duration-ms="1" started-at="2017-12-05T17:53:06Z" data-provider="negative" finished-at="2017-12-05T17:53:06Z">
          <params>
            <param index="0">
              <value>
                <![CDATA[щ]]>
              </value>
            </param>
            <param index="1">
              <value>
                <![CDATA[s]]>
              </value>
            </param>
          </params>
          <reporter-output>
          </reporter-output>
        </test-method> <!-- negativeTest -->
        <test-method status="PASS" signature="negativeTest(java.lang.String, java.lang.String)[pri:0, instance:InputDot.InputDot.Tests.Negative@66d2e7d9]" name="negativeTest" duration-ms="0" started-at="2017-12-05T17:53:06Z" data-provider="negative" finished-at="2017-12-05T17:53:06Z">
          <params>
            <param index="0">
              <value>
                <![CDATA[щ]]>
              </value>
            </param>
            <param index="1">
              <value>
                <![CDATA[3]]>
              </value>
            </param>
          </params>
          <reporter-output>
          </reporter-output>
        </test-method> <!-- negativeTest -->
        <test-method status="PASS" signature="negativeTest(java.lang.String, java.lang.String)[pri:0, instance:InputDot.InputDot.Tests.Negative@66d2e7d9]" name="negativeTest" duration-ms="0" started-at="2017-12-05T17:53:06Z" data-provider="negative" finished-at="2017-12-05T17:53:06Z">
          <params>
            <param index="0">
              <value>
                <![CDATA[щ]]>
              </value>
            </param>
            <param index="1">
              <value>
                <![CDATA[#]]>
              </value>
            </param>
          </params>
          <reporter-output>
          </reporter-output>
        </test-method> <!-- negativeTest -->
        <test-method status="PASS" signature="negativeTest(java.lang.String, java.lang.String)[pri:0, instance:InputDot.InputDot.Tests.Negative@66d2e7d9]" name="negativeTest" duration-ms="0" started-at="2017-12-05T17:53:06Z" data-provider="negative" finished-at="2017-12-05T17:53:06Z">
          <params>
            <param index="0">
              <value>
                <![CDATA[щ]]>
              </value>
            </param>
            <param index="1">
              <value>
                <![CDATA[ ]]>
              </value>
            </param>
          </params>
          <reporter-output>
          </reporter-output>
        </test-method> <!-- negativeTest -->
        <test-method status="PASS" signature="negativeTest(java.lang.String, java.lang.String)[pri:0, instance:InputDot.InputDot.Tests.Negative@66d2e7d9]" name="negativeTest" duration-ms="0" started-at="2017-12-05T17:53:06Z" data-provider="negative" finished-at="2017-12-05T17:53:06Z">
          <params>
            <param index="0">
              <value>
                <![CDATA[s]]>
              </value>
            </param>
            <param index="1">
              <value>
                <![CDATA[.]]>
              </value>
            </param>
          </params>
          <reporter-output>
          </reporter-output>
        </test-method> <!-- negativeTest -->
        <test-method status="PASS" signature="negativeTest(java.lang.String, java.lang.String)[pri:0, instance:InputDot.InputDot.Tests.Negative@66d2e7d9]" name="negativeTest" duration-ms="2" started-at="2017-12-05T17:53:06Z" data-provider="negative" finished-at="2017-12-05T17:53:06Z">
          <params>
            <param index="0">
              <value>
                <![CDATA[s]]>
              </value>
            </param>
            <param index="1">
              <value>
                <![CDATA[щ]]>
              </value>
            </param>
          </params>
          <reporter-output>
          </reporter-output>
        </test-method> <!-- negativeTest -->
        <test-method status="PASS" signature="negativeTest(java.lang.String, java.lang.String)[pri:0, instance:InputDot.InputDot.Tests.Negative@66d2e7d9]" name="negativeTest" duration-ms="0" started-at="2017-12-05T17:53:06Z" data-provider="negative" finished-at="2017-12-05T17:53:06Z">
          <params>
            <param index="0">
              <value>
                <![CDATA[s]]>
              </value>
            </param>
            <param index="1">
              <value>
                <![CDATA[s]]>
              </value>
            </param>
          </params>
          <reporter-output>
          </reporter-output>
        </test-method> <!-- negativeTest -->
        <test-method status="PASS" signature="negativeTest(java.lang.String, java.lang.String)[pri:0, instance:InputDot.InputDot.Tests.Negative@66d2e7d9]" name="negativeTest" duration-ms="4" started-at="2017-12-05T17:53:06Z" data-provider="negative" finished-at="2017-12-05T17:53:06Z">
          <params>
            <param index="0">
              <value>
                <![CDATA[s]]>
              </value>
            </param>
            <param index="1">
              <value>
                <![CDATA[3]]>
              </value>
            </param>
          </params>
          <reporter-output>
          </reporter-output>
        </test-method> <!-- negativeTest -->
        <test-method status="PASS" signature="negativeTest(java.lang.String, java.lang.String)[pri:0, instance:InputDot.InputDot.Tests.Negative@66d2e7d9]" name="negativeTest" duration-ms="0" started-at="2017-12-05T17:53:06Z" data-provider="negative" finished-at="2017-12-05T17:53:06Z">
          <params>
            <param index="0">
              <value>
                <![CDATA[s]]>
              </value>
            </param>
            <param index="1">
              <value>
                <![CDATA[#]]>
              </value>
            </param>
          </params>
          <reporter-output>
          </reporter-output>
        </test-method> <!-- negativeTest -->
        <test-method status="PASS" signature="negativeTest(java.lang.String, java.lang.String)[pri:0, instance:InputDot.InputDot.Tests.Negative@66d2e7d9]" name="negativeTest" duration-ms="0" started-at="2017-12-05T17:53:06Z" data-provider="negative" finished-at="2017-12-05T17:53:06Z">
          <params>
            <param index="0">
              <value>
                <![CDATA[s]]>
              </value>
            </param>
            <param index="1">
              <value>
                <![CDATA[ ]]>
              </value>
            </param>
          </params>
          <reporter-output>
          </reporter-output>
        </test-method> <!-- negativeTest -->
        <test-method status="PASS" signature="negativeTest(java.lang.String, java.lang.String)[pri:0, instance:InputDot.InputDot.Tests.Negative@66d2e7d9]" name="negativeTest" duration-ms="0" started-at="2017-12-05T17:53:06Z" data-provider="negative" finished-at="2017-12-05T17:53:06Z">
          <params>
            <param index="0">
              <value>
                <![CDATA[3]]>
              </value>
            </param>
            <param index="1">
              <value>
                <![CDATA[.]]>
              </value>
            </param>
          </params>
          <reporter-output>
          </reporter-output>
        </test-method> <!-- negativeTest -->
        <test-method status="PASS" signature="negativeTest(java.lang.String, java.lang.String)[pri:0, instance:InputDot.InputDot.Tests.Negative@66d2e7d9]" name="negativeTest" duration-ms="1" started-at="2017-12-05T17:53:06Z" data-provider="negative" finished-at="2017-12-05T17:53:06Z">
          <params>
            <param index="0">
              <value>
                <![CDATA[3]]>
              </value>
            </param>
            <param index="1">
              <value>
                <![CDATA[щ]]>
              </value>
            </param>
          </params>
          <reporter-output>
          </reporter-output>
        </test-method> <!-- negativeTest -->
        <test-method status="PASS" signature="negativeTest(java.lang.String, java.lang.String)[pri:0, instance:InputDot.InputDot.Tests.Negative@66d2e7d9]" name="negativeTest" duration-ms="1" started-at="2017-12-05T17:53:06Z" data-provider="negative" finished-at="2017-12-05T17:53:06Z">
          <params>
            <param index="0">
              <value>
                <![CDATA[3]]>
              </value>
            </param>
            <param index="1">
              <value>
                <![CDATA[s]]>
              </value>
            </param>
          </params>
          <reporter-output>
          </reporter-output>
        </test-method> <!-- negativeTest -->
        <test-method status="PASS" signature="negativeTest(java.lang.String, java.lang.String)[pri:0, instance:InputDot.InputDot.Tests.Negative@66d2e7d9]" name="negativeTest" duration-ms="1" started-at="2017-12-05T17:53:06Z" data-provider="negative" finished-at="2017-12-05T17:53:06Z">
          <params>
            <param index="0">
              <value>
                <![CDATA[3]]>
              </value>
            </param>
            <param index="1">
              <value>
                <![CDATA[3]]>
              </value>
            </param>
          </params>
          <reporter-output>
          </reporter-output>
        </test-method> <!-- negativeTest -->
        <test-method status="PASS" signature="negativeTest(java.lang.String, java.lang.String)[pri:0, instance:InputDot.InputDot.Tests.Negative@66d2e7d9]" name="negativeTest" duration-ms="4" started-at="2017-12-05T17:53:06Z" data-provider="negative" finished-at="2017-12-05T17:53:06Z">
          <params>
            <param index="0">
              <value>
                <![CDATA[3]]>
              </value>
            </param>
            <param index="1">
              <value>
                <![CDATA[#]]>
              </value>
            </param>
          </params>
          <reporter-output>
          </reporter-output>
        </test-method> <!-- negativeTest -->
        <test-method status="PASS" signature="negativeTest(java.lang.String, java.lang.String)[pri:0, instance:InputDot.InputDot.Tests.Negative@66d2e7d9]" name="negativeTest" duration-ms="1" started-at="2017-12-05T17:53:06Z" data-provider="negative" finished-at="2017-12-05T17:53:06Z">
          <params>
            <param index="0">
              <value>
                <![CDATA[3]]>
              </value>
            </param>
            <param index="1">
              <value>
                <![CDATA[ ]]>
              </value>
            </param>
          </params>
          <reporter-output>
          </reporter-output>
        </test-method> <!-- negativeTest -->
        <test-method status="PASS" signature="negativeTest(java.lang.String, java.lang.String)[pri:0, instance:InputDot.InputDot.Tests.Negative@66d2e7d9]" name="negativeTest" duration-ms="1" started-at="2017-12-05T17:53:06Z" data-provider="negative" finished-at="2017-12-05T17:53:06Z">
          <params>
            <param index="0">
              <value>
                <![CDATA[#]]>
              </value>
            </param>
            <param index="1">
              <value>
                <![CDATA[.]]>
              </value>
            </param>
          </params>
          <reporter-output>
          </reporter-output>
        </test-method> <!-- negativeTest -->
        <test-method status="PASS" signature="negativeTest(java.lang.String, java.lang.String)[pri:0, instance:InputDot.InputDot.Tests.Negative@66d2e7d9]" name="negativeTest" duration-ms="6" started-at="2017-12-05T17:53:06Z" data-provider="negative" finished-at="2017-12-05T17:53:06Z">
          <params>
            <param index="0">
              <value>
                <![CDATA[#]]>
              </value>
            </param>
            <param index="1">
              <value>
                <![CDATA[щ]]>
              </value>
            </param>
          </params>
          <reporter-output>
          </reporter-output>
        </test-method> <!-- negativeTest -->
        <test-method status="PASS" signature="negativeTest(java.lang.String, java.lang.String)[pri:0, instance:InputDot.InputDot.Tests.Negative@66d2e7d9]" name="negativeTest" duration-ms="0" started-at="2017-12-05T17:53:06Z" data-provider="negative" finished-at="2017-12-05T17:53:06Z">
          <params>
            <param index="0">
              <value>
                <![CDATA[#]]>
              </value>
            </param>
            <param index="1">
              <value>
                <![CDATA[s]]>
              </value>
            </param>
          </params>
          <reporter-output>
          </reporter-output>
        </test-method> <!-- negativeTest -->
        <test-method status="PASS" signature="negativeTest(java.lang.String, java.lang.String)[pri:0, instance:InputDot.InputDot.Tests.Negative@66d2e7d9]" name="negativeTest" duration-ms="1" started-at="2017-12-05T17:53:06Z" data-provider="negative" finished-at="2017-12-05T17:53:06Z">
          <params>
            <param index="0">
              <value>
                <![CDATA[#]]>
              </value>
            </param>
            <param index="1">
              <value>
                <![CDATA[3]]>
              </value>
            </param>
          </params>
          <reporter-output>
          </reporter-output>
        </test-method> <!-- negativeTest -->
        <test-method status="PASS" signature="negativeTest(java.lang.String, java.lang.String)[pri:0, instance:InputDot.InputDot.Tests.Negative@66d2e7d9]" name="negativeTest" duration-ms="2" started-at="2017-12-05T17:53:06Z" data-provider="negative" finished-at="2017-12-05T17:53:06Z">
          <params>
            <param index="0">
              <value>
                <![CDATA[#]]>
              </value>
            </param>
            <param index="1">
              <value>
                <![CDATA[#]]>
              </value>
            </param>
          </params>
          <reporter-output>
          </reporter-output>
        </test-method> <!-- negativeTest -->
        <test-method status="PASS" signature="negativeTest(java.lang.String, java.lang.String)[pri:0, instance:InputDot.InputDot.Tests.Negative@66d2e7d9]" name="negativeTest" duration-ms="1" started-at="2017-12-05T17:53:06Z" data-provider="negative" finished-at="2017-12-05T17:53:06Z">
          <params>
            <param index="0">
              <value>
                <![CDATA[#]]>
              </value>
            </param>
            <param index="1">
              <value>
                <![CDATA[ ]]>
              </value>
            </param>
          </params>
          <reporter-output>
          </reporter-output>
        </test-method> <!-- negativeTest -->
        <test-method status="PASS" signature="negativeTest(java.lang.String, java.lang.String)[pri:0, instance:InputDot.InputDot.Tests.Negative@66d2e7d9]" name="negativeTest" duration-ms="1" started-at="2017-12-05T17:53:06Z" data-provider="negative" finished-at="2017-12-05T17:53:06Z">
          <params>
            <param index="0">
              <value>
                <![CDATA[ ]]>
              </value>
            </param>
            <param index="1">
              <value>
                <![CDATA[.]]>
              </value>
            </param>
          </params>
          <reporter-output>
          </reporter-output>
        </test-method> <!-- negativeTest -->
        <test-method status="PASS" signature="negativeTest(java.lang.String, java.lang.String)[pri:0, instance:InputDot.InputDot.Tests.Negative@66d2e7d9]" name="negativeTest" duration-ms="2" started-at="2017-12-05T17:53:06Z" data-provider="negative" finished-at="2017-12-05T17:53:06Z">
          <params>
            <param index="0">
              <value>
                <![CDATA[ ]]>
              </value>
            </param>
            <param index="1">
              <value>
                <![CDATA[щ]]>
              </value>
            </param>
          </params>
          <reporter-output>
          </reporter-output>
        </test-method> <!-- negativeTest -->
        <test-method status="PASS" signature="negativeTest(java.lang.String, java.lang.String)[pri:0, instance:InputDot.InputDot.Tests.Negative@66d2e7d9]" name="negativeTest" duration-ms="8" started-at="2017-12-05T17:53:06Z" data-provider="negative" finished-at="2017-12-05T17:53:06Z">
          <params>
            <param index="0">
              <value>
                <![CDATA[ ]]>
              </value>
            </param>
            <param index="1">
              <value>
                <![CDATA[s]]>
              </value>
            </param>
          </params>
          <reporter-output>
          </reporter-output>
        </test-method> <!-- negativeTest -->
        <test-method status="PASS" signature="negativeTest(java.lang.String, java.lang.String)[pri:0, instance:InputDot.InputDot.Tests.Negative@66d2e7d9]" name="negativeTest" duration-ms="1" started-at="2017-12-05T17:53:06Z" data-provider="negative" finished-at="2017-12-05T17:53:06Z">
          <params>
            <param index="0">
              <value>
                <![CDATA[ ]]>
              </value>
            </param>
            <param index="1">
              <value>
                <![CDATA[3]]>
              </value>
            </param>
          </params>
          <reporter-output>
          </reporter-output>
        </test-method> <!-- negativeTest -->
        <test-method status="PASS" signature="negativeTest(java.lang.String, java.lang.String)[pri:0, instance:InputDot.InputDot.Tests.Negative@66d2e7d9]" name="negativeTest" duration-ms="1" started-at="2017-12-05T17:53:06Z" data-provider="negative" finished-at="2017-12-05T17:53:06Z">
          <params>
            <param index="0">
              <value>
                <![CDATA[ ]]>
              </value>
            </param>
            <param index="1">
              <value>
                <![CDATA[#]]>
              </value>
            </param>
          </params>
          <reporter-output>
          </reporter-output>
        </test-method> <!-- negativeTest -->
        <test-method status="PASS" signature="negativeTest(java.lang.String, java.lang.String)[pri:0, instance:InputDot.InputDot.Tests.Negative@66d2e7d9]" name="negativeTest" duration-ms="3" started-at="2017-12-05T17:53:06Z" data-provider="negative" finished-at="2017-12-05T17:53:06Z">
          <params>
            <param index="0">
              <value>
                <![CDATA[ ]]>
              </value>
            </param>
            <param index="1">
              <value>
                <![CDATA[ ]]>
              </value>
            </param>
          </params>
          <reporter-output>
          </reporter-output>
        </test-method> <!-- negativeTest -->
        <test-method status="PASS" signature="empbty()[pri:3, instance:InputDot.InputDot.Tests.Negative@66d2e7d9]" name="empbty" duration-ms="1" started-at="2017-12-05T17:53:06Z" finished-at="2017-12-05T17:53:06Z">
          <reporter-output>
          </reporter-output>
        </test-method> <!-- empbty -->
      </class> <!-- InputDot.InputDot.Tests.Negative -->
    </test> <!-- Default test -->
  </suite> <!-- Default suite -->
</testng-results>
