<?xml version="1.0" encoding="UTF-8"?>
<!-- Generated by org.testng.reporters.JUnitXMLReporter -->
<testsuite hostname="DESKTOP-UVENGDO" ignored="0" name="Default test" tests="43" failures="0" timestamp="05 дек 2017 14:53:06 GMT" time="0.162" errors="0">
  <testcase name="negativeTest" time="0.009" classname="InputDot.InputDot.Tests.Negative"/>
  <testcase name="negativeTest" time="0.001" classname="InputDot.InputDot.Tests.Negative"/>
  <testcase name="negativeTest" time="0.001" classname="InputDot.InputDot.Tests.Negative"/>
  <testcase name="negativeTest" time="0.001" classname="InputDot.InputDot.Tests.Negative"/>
  <testcase name="negativeTest" time="0.002" classname="InputDot.InputDot.Tests.Negative"/>
  <testcase name="negativeTest" time="0.001" classname="InputDot.InputDot.Tests.Negative"/>
  <testcase name="negativeTest" time="0.001" classname="InputDot.InputDot.Tests.Negative"/>
  <testcase name="negativeTest" time="0.004" classname="InputDot.InputDot.Tests.Negative"/>
  <testcase name="negativeTest" time="0.001" classname="InputDot.InputDot.Tests.Negative"/>
  <testcase name="negativeTest" time="0.0" classname="InputDot.InputDot.Tests.Negative"/>
  <testcase name="negativeTest" time="0.0" classname="InputDot.InputDot.Tests.Negative"/>
  <testcase name="negativeTest" time="0.0" classname="InputDot.InputDot.Tests.Negative"/>
  <testcase name="negativeTest" time="0.0" classname="InputDot.InputDot.Tests.Negative"/>
  <testcase name="negativeTest" time="0.002" classname="InputDot.InputDot.Tests.Negative"/>
  <testcase name="negativeTest" time="0.0" classname="InputDot.InputDot.Tests.Negative"/>
  <testcase name="negativeTest" time="0.004" classname="InputDot.InputDot.Tests.Negative"/>
  <testcase name="negativeTest" time="0.0" classname="InputDot.InputDot.Tests.Negative"/>
  <testcase name="negativeTest" time="0.0" classname="InputDot.InputDot.Tests.Negative"/>
  <testcase name="negativeTest" time="0.0" classname="InputDot.InputDot.Tests.Negative"/>
  <testcase name="negativeTest" time="0.001" classname="InputDot.InputDot.Tests.Negative"/>
  <testcase name="negativeTest" time="0.001" classname="InputDot.InputDot.Tests.Negative"/>
  <testcase name="negativeTest" time="0.001" classname="InputDot.InputDot.Tests.Negative"/>
  <testcase name="negativeTest" time="0.004" classname="InputDot.InputDot.Tests.Negative"/>
  <testcase name="negativeTest" time="0.001" classname="InputDot.InputDot.Tests.Negative"/>
  <testcase name="negativeTest" time="0.001" classname="InputDot.InputDot.Tests.Negative"/>
  <testcase name="negativeTest" time="0.006" classname="InputDot.InputDot.Tests.Negative"/>
  <testcase name="negativeTest" time="0.0" classname="InputDot.InputDot.Tests.Negative"/>
  <testcase name="negativeTest" time="0.001" classname="InputDot.InputDot.Tests.Negative"/>
  <testcase name="negativeTest" time="0.002" classname="InputDot.InputDot.Tests.Negative"/>
  <testcase name="negativeTest" time="0.001" classname="InputDot.InputDot.Tests.Negative"/>
  <testcase name="negativeTest" time="0.001" classname="InputDot.InputDot.Tests.Negative"/>
  <testcase name="negativeTest" time="0.002" classname="InputDot.InputDot.Tests.Negative"/>
  <testcase name="negativeTest" time="0.008" classname="InputDot.InputDot.Tests.Negative"/>
  <testcase name="negativeTest" time="0.001" classname="InputDot.InputDot.Tests.Negative"/>
  <testcase name="negativeTest" time="0.001" classname="InputDot.InputDot.Tests.Negative"/>
  <testcase name="negativeTest" time="0.003" classname="InputDot.InputDot.Tests.Negative"/>
  <testcase name="positiveTest" time="0.002" classname="InputDot.InputDot.Tests.Positive"/>
  <testcase name="positiveTest" time="0.001" classname="InputDot.InputDot.Tests.Positive"/>
  <testcase name="positiveTest" time="0.001" classname="InputDot.InputDot.Tests.Positive"/>
  <testcase name="positiveTest" time="0.0" classname="InputDot.InputDot.Tests.Positive"/>
  <testcase name="positiveTest" time="0.001" classname="InputDot.InputDot.Tests.Positive"/>
  <testcase name="endTest" time="0.002" classname="InputDot.InputDot.Tests.Positive"/>
  <testcase name="empbty" time="0.001" classname="InputDot.InputDot.Tests.Negative"/>
</testsuite> <!-- Default test -->
